<?xml version="1.0" encoding="UTF-8"?>
<!-- Generated by org.testng.reporters.JUnitXMLReporter -->
<testsuite ignored="0" hostname="Karthik" failures="1" tests="15" name="Test" time="253.623" errors="0" timestamp="2024-01-10T23:44:13 IST">
  <testcase classname="Testcases.Tc_03_Loginpage_Mobno" name="Login_using_mobile" time="5.95"/>
  <testcase classname="Testcases.Tc_03_Loginpage_Mobno" name="Login_using_mobile" time="5.779"/>
  <testcase classname="Testcases.Tc_03_Loginpage_Mobno" name="Login_using_mobile" time="5.837"/>
  <testcase classname="Testcases.Tc_03_Loginpage_Mobno" name="Login_using_mobile" time="5.814"/>
  <testcase classname="Testcases.Tc_02_Signuppage" name="Signup" time="19.495">
    <failure type="org.openqa.selenium.interactions.MoveTargetOutOfBoundsException" message="move target out of bounds
  (Session info: chrome=120.0.6099.216)
Build info: version: &amp;apos;4.16.1&amp;apos;, revision: &amp;apos;9b4c83354e&amp;apos;
System info: os.name: &amp;apos;Windows 11&amp;apos;, os.arch: &amp;apos;amd64&amp;apos;, os.version: &amp;apos;10.0&amp;apos;, java.version: &amp;apos;17.0.9&amp;apos;
Driver info: org.openqa.selenium.chrome.ChromeDriver
Command: [ef9272d386eece94abbf2c6e83300cdd, actions {actions=[org.openqa.selenium.interactions.Sequence@11b5f4e2]}]
Capabilities {acceptInsecureCerts: false, browserName: chrome, browserVersion: 120.0.6099.216, chrome: {chromedriverVersion: 120.0.6099.109 (3419140ab66..., userDataDir: C:\Users\karth\AppData\Loca...}, fedcm:accounts: true, goog:chromeOptions: {debuggerAddress: localhost:56684}, networkConnectionEnabled: false, pageLoadStrategy: normal, platformName: windows, proxy: Proxy(), se:cdp: ws://localhost:56684/devtoo..., se:cdpVersion: 120.0.6099.216, setWindowRect: true, strictFileInteractability: false, timeouts: {implicit: 0, pageLoad: 300000, script: 30000}, unhandledPromptBehavior: dismiss and notify, webauthn:extension:credBlob: true, webauthn:extension:largeBlob: true, webauthn:extension:minPinLength: true, webauthn:extension:prf: true, webauthn:virtualAuthenticators: true}
Session ID: ef9272d386eece94abbf2c6e83300cdd">
      <![CDATA[org.openqa.selenium.interactions.MoveTargetOutOfBoundsException: move target out of bounds
  (Session info: chrome=120.0.6099.216)
Build info: version: '4.16.1', revision: '9b4c83354e'
System info: os.name: 'Windows 11', os.arch: 'amd64', os.version: '10.0', java.version: '17.0.9'
Driver info: org.openqa.selenium.chrome.ChromeDriver
Command: [ef9272d386eece94abbf2c6e83300cdd, actions {actions=[org.openqa.selenium.interactions.Sequence@11b5f4e2]}]
Capabilities {acceptInsecureCerts: false, browserName: chrome, browserVersion: 120.0.6099.216, chrome: {chromedriverVersion: 120.0.6099.109 (3419140ab66..., userDataDir: C:\Users\karth\AppData\Loca...}, fedcm:accounts: true, goog:chromeOptions: {debuggerAddress: localhost:56684}, networkConnectionEnabled: false, pageLoadStrategy: normal, platformName: windows, proxy: Proxy(), se:cdp: ws://localhost:56684/devtoo..., se:cdpVersion: 120.0.6099.216, setWindowRect: true, strictFileInteractability: false, timeouts: {implicit: 0, pageLoad: 300000, script: 30000}, unhandledPromptBehavior: dismiss and notify, webauthn:extension:credBlob: true, webauthn:extension:largeBlob: true, webauthn:extension:minPinLength: true, webauthn:extension:prf: true, webauthn:virtualAuthenticators: true}
Session ID: ef9272d386eece94abbf2c6e83300cdd
at org.openqa.selenium.remote.codec.w3c.W3CHttpResponseCodec.createException(W3CHttpResponseCodec.java:200)
at org.openqa.selenium.remote.codec.w3c.W3CHttpResponseCodec.decode(W3CHttpResponseCodec.java:133)
at org.openqa.selenium.remote.codec.w3c.W3CHttpResponseCodec.decode(W3CHttpResponseCodec.java:52)
at org.openqa.selenium.remote.HttpCommandExecutor.execute(HttpCommandExecutor.java:191)
at org.openqa.selenium.remote.service.DriverCommandExecutor.invokeExecute(DriverCommandExecutor.java:200)
at org.openqa.selenium.remote.service.DriverCommandExecutor.execute(DriverCommandExecutor.java:175)
at org.openqa.selenium.remote.RemoteWebDriver.execute(RemoteWebDriver.java:523)
at org.openqa.selenium.remote.RemoteWebDriver.perform(RemoteWebDriver.java:609)
at org.openqa.selenium.interactions.Actions$BuiltAction.perform(Actions.java:598)
at org.openqa.selenium.interactions.Actions.perform(Actions.java:567)
at Utilities.Utility.mouseclick(Utility.java:151)
at PageObject.Signuppage.submtbtn(Signuppage.java:104)
at Testcases.Tc_02_Signuppage.Signup(Tc_02_Signuppage.java:37)
at java.base/java.util.ArrayList.forEach(ArrayList.java:1511)
... Removed 32 stack frames]]>
    </failure>
  </testcase> <!-- Signup -->
  <testcase classname="Testcases.Tc_04_Loginpage_email" name="Login_using_email" time="6.062"/>
  <testcase classname="Testcases.Tc_09_Verify_menuitems" name="Flightstatusmenu_verify" time="0.055"/>
  <testcase classname="Testcases.Tc_09_Verify_menuitems" name="ManageBookingmenu_verify" time="0.047"/>
  <testcase classname="Testcases.Tc_09_Verify_menuitems" name="checkinmenu_verify" time="0.043"/>
  <testcase classname="Testcases.Tc_07_Bookingformpage" name="Bookingpage" time="22.17"/>
  <testcase classname="Testcases.Tc_08_Paymentpage" name="Paymentpage" time="25.316"/>
  <testcase classname="Testcases.Tc_05_Search_Flightpage" name="oneway_trip" time="3.222"/>
  <testcase classname="Testcases.Tc_05_Search_Flightpage" name="round_trip" time="3.527"/>
  <testcase classname="Testcases.Tc_06_Select_Flightpage" name="SelectFlight" time="10.985"/>
  <testcase classname="Testcases.Tc_01_Navigate_to_Homepage" name="Homepgae_verify" time="0.017"/>
</testsuite> <!-- Test -->
