<html>
<head>
<title>TestNG:  Test</title>
<link href="../testng.css" rel="stylesheet" type="text/css" />
<link href="../my-testng.css" rel="stylesheet" type="text/css" />

<style type="text/css">
.log { display: none;} 
.stack-trace { display: none;} 
</style>
<script type="text/javascript">
<!--
function flip(e) {
  current = e.style.display;
  if (current == 'block') {
    e.style.display = 'none';
    return 0;
  }
  else {
    e.style.display = 'block';
    return 1;
  }
}

function toggleBox(szDivId, elem, msg1, msg2)
{
  var res = -1;  if (document.getElementById) {
    res = flip(document.getElementById(szDivId));
  }
  else if (document.all) {
    // this is the way old msie versions work
    res = flip(document.all[szDivId]);
  }
  if(elem) {
    if(res == 0) elem.innerHTML = msg1; else elem.innerHTML = msg2;
  }

}

function toggleAllBoxes() {
  if (document.getElementsByTagName) {
    d = document.getElementsByTagName('div');
    for (i = 0; i < d.length; i++) {
      if (d[i].className == 'log') {
        flip(d[i]);
      }
    }
  }
}

// -->
</script>

</head>
<body>
<h2 align='center'>Test</h2><table border='1' align="center">
<tr>
<td>Tests passed/Failed/Skipped:</td><td>14/1/0</td>
</tr><tr>
<td>Started on:</td><td>Tue Jan 23 15:36:05 IST 2024</td>
</tr>
<tr><td>Total time:</td><td>221 seconds (221527 ms)</td>
</tr><tr>
<td>Included groups:</td><td></td>
</tr><tr>
<td>Excluded groups:</td><td></td>
</tr>
</table><p/>
<small><i>(Hover the method name to see the test class name)</i></small><p/>
<table width='100%' border='1' class='invocation-failed'>
<tr><td colspan='4' align='center'><b>FAILED TESTS</b></td></tr>
<tr><td><b>Test method</b></td>
<td><b>Attribute(s)</b></td>
<td width="30%"><b>Exception</b></td>
<td width="10%"><b>Time (seconds)</b></td>
<td><b>Instance</b></td>
</tr>
<tr>
<td title='Testcases.Tc_02_Signuppage.Signup()'><b>Signup</b><br>Test class: Testcases.Tc_02_Signuppage<br>Parameters: Mr, Testing, Test, India, 03-02-2000, 8072231830, dummytesting23541@gmail.com, Test@1234, Test@1234</td>
<td><div><pre>org.openqa.selenium.ElementClickInterceptedException: element click intercepted: Element &lt;select id=&quot;&quot; class=&quot;form-control form-select&quot; name=&quot;&quot; tabindex=&quot;0&quot;&gt;...&lt;/select&gt; is not clickable at point (255, 625). Other element would receive the click: &lt;div role=&quot;dialog&quot; aria-modal=&quot;true&quot; class=&quot;fade modal show&quot; tabindex=&quot;-1&quot; style=&quot;display: block;&quot;&gt;...&lt;/div&gt;
  (Session info: chrome=120.0.6099.225)
Build info: version: &apos;4.16.1&apos;, revision: &apos;9b4c83354e&apos;
System info: os.name: &apos;Windows 11&apos;, os.arch: &apos;amd64&apos;, os.version: &apos;10.0&apos;, java.version: &apos;17.0.9&apos;
Driver info: org.openqa.selenium.chrome.ChromeDriver
Command: [da344072a8061d784ca95724e4af912a, clickElement {id=652DDE4119618A9B605299CD344A484A_element_4}]
Capabilities {acceptInsecureCerts: false, browserName: chrome, browserVersion: 120.0.6099.225, chrome: {chromedriverVersion: 120.0.6099.109 (3419140ab66..., userDataDir: C:\Users\karth\AppData\Loca...}, fedcm:accounts: true, goog:chromeOptions: {debuggerAddress: localhost:65101}, networkConnectionEnabled: false, pageLoadStrategy: normal, platformName: windows, proxy: Proxy(), se:cdp: ws://localhost:65101/devtoo..., se:cdpVersion: 120.0.6099.225, setWindowRect: true, strictFileInteractability: false, timeouts: {implicit: 0, pageLoad: 300000, script: 30000}, unhandledPromptBehavior: dismiss and notify, webauthn:extension:credBlob: true, webauthn:extension:largeBlob: true, webauthn:extension:minPinLength: true, webauthn:extension:prf: true, webauthn:virtualAuthenticators: true}
Element: [[ChromeDriver: chrome on windows (da344072a8061d784ca95724e4af912a)] -&gt; xpath: //select[@class=&apos;form-control form-select&apos;]]
Session ID: da344072a8061d784ca95724e4af912a
	at org.openqa.selenium.remote.codec.w3c.W3CHttpResponseCodec.createException(W3CHttpResponseCodec.java:200)
	at org.openqa.selenium.remote.codec.w3c.W3CHttpResponseCodec.decode(W3CHttpResponseCodec.java:133)
	at org.openqa.selenium.remote.codec.w3c.W3CHttpResponseCodec.decode(W3CHttpResponseCodec.java:52)
	at org.openqa.selenium.remote.HttpCommandExecutor.execute(HttpCommandExecutor.java:191)
	at org.openqa.selenium.remote.service.DriverCommandExecutor.invokeExecute(DriverCommandExecutor.java:200)
	at org.openqa.selenium.remote.service.DriverCommandExecutor.execute(DriverCommandExecutor.java:175)
	at org.openqa.selenium.remote.RemoteWebDriver.execute(RemoteWebDriver.java:523)
	at org.openqa.selenium.remote.RemoteWebElement.execute(RemoteWebElement.java:224)
	at org.openqa.selenium.remote.RemoteWebElement.click(RemoteWebElement.java:77)
	at org.openqa.selenium.support.pagefactory.internal.LocatingElementHandler.invoke(LocatingElementHandler.java:51)
	at jdk.proxy2/jdk.proxy2.$Proxy13.click(Unknown Source)
	at PageObject.Signuppage.getcountry(Signuppage.java:78)
	at Testcases.Tc_02_Signuppage.Signup(Tc_02_Signuppage.java:28)
	at java.base/java.util.ArrayList.forEach(ArrayList.java:1511)
... Removed 40 stack frames</pre></div><a href='#' onClick='toggleBox("stack-trace609375192", this, "Click to show all stack frames", "Click to hide stack frames")'>Click to show all stack frames</a>
<div class='stack-trace' id='stack-trace609375192'><pre>org.openqa.selenium.ElementClickInterceptedException: element click intercepted: Element &lt;select id=&quot;&quot; class=&quot;form-control form-select&quot; name=&quot;&quot; tabindex=&quot;0&quot;&gt;...&lt;/select&gt; is not clickable at point (255, 625). Other element would receive the click: &lt;div role=&quot;dialog&quot; aria-modal=&quot;true&quot; class=&quot;fade modal show&quot; tabindex=&quot;-1&quot; style=&quot;display: block;&quot;&gt;...&lt;/div&gt;
  (Session info: chrome=120.0.6099.225)
Build info: version: &apos;4.16.1&apos;, revision: &apos;9b4c83354e&apos;
System info: os.name: &apos;Windows 11&apos;, os.arch: &apos;amd64&apos;, os.version: &apos;10.0&apos;, java.version: &apos;17.0.9&apos;
Driver info: org.openqa.selenium.chrome.ChromeDriver
Command: [da344072a8061d784ca95724e4af912a, clickElement {id=652DDE4119618A9B605299CD344A484A_element_4}]
Capabilities {acceptInsecureCerts: false, browserName: chrome, browserVersion: 120.0.6099.225, chrome: {chromedriverVersion: 120.0.6099.109 (3419140ab66..., userDataDir: C:\Users\karth\AppData\Loca...}, fedcm:accounts: true, goog:chromeOptions: {debuggerAddress: localhost:65101}, networkConnectionEnabled: false, pageLoadStrategy: normal, platformName: windows, proxy: Proxy(), se:cdp: ws://localhost:65101/devtoo..., se:cdpVersion: 120.0.6099.225, setWindowRect: true, strictFileInteractability: false, timeouts: {implicit: 0, pageLoad: 300000, script: 30000}, unhandledPromptBehavior: dismiss and notify, webauthn:extension:credBlob: true, webauthn:extension:largeBlob: true, webauthn:extension:minPinLength: true, webauthn:extension:prf: true, webauthn:virtualAuthenticators: true}
Element: [[ChromeDriver: chrome on windows (da344072a8061d784ca95724e4af912a)] -&gt; xpath: //select[@class=&apos;form-control form-select&apos;]]
Session ID: da344072a8061d784ca95724e4af912a
	at java.base/jdk.internal.reflect.NativeConstructorAccessorImpl.newInstance0(Native Method)
	at java.base/jdk.internal.reflect.NativeConstructorAccessorImpl.newInstance(NativeConstructorAccessorImpl.java:77)
	at java.base/jdk.internal.reflect.DelegatingConstructorAccessorImpl.newInstance(DelegatingConstructorAccessorImpl.java:45)
	at java.base/java.lang.reflect.Constructor.newInstanceWithCaller(Constructor.java:499)
	at java.base/java.lang.reflect.Constructor.newInstance(Constructor.java:480)
	at org.openqa.selenium.remote.codec.w3c.W3CHttpResponseCodec.createException(W3CHttpResponseCodec.java:200)
	at org.openqa.selenium.remote.codec.w3c.W3CHttpResponseCodec.decode(W3CHttpResponseCodec.java:133)
	at org.openqa.selenium.remote.codec.w3c.W3CHttpResponseCodec.decode(W3CHttpResponseCodec.java:52)
	at org.openqa.selenium.remote.HttpCommandExecutor.execute(HttpCommandExecutor.java:191)
	at org.openqa.selenium.remote.service.DriverCommandExecutor.invokeExecute(DriverCommandExecutor.java:200)
	at org.openqa.selenium.remote.service.DriverCommandExecutor.execute(DriverCommandExecutor.java:175)
	at org.openqa.selenium.remote.RemoteWebDriver.execute(RemoteWebDriver.java:523)
	at org.openqa.selenium.remote.RemoteWebElement.execute(RemoteWebElement.java:224)
	at org.openqa.selenium.remote.RemoteWebElement.click(RemoteWebElement.java:77)
	at java.base/jdk.internal.reflect.NativeMethodAccessorImpl.invoke0(Native Method)
	at java.base/jdk.internal.reflect.NativeMethodAccessorImpl.invoke(NativeMethodAccessorImpl.java:77)
	at java.base/jdk.internal.reflect.DelegatingMethodAccessorImpl.invoke(DelegatingMethodAccessorImpl.java:43)
	at java.base/java.lang.reflect.Method.invoke(Method.java:568)
	at org.openqa.selenium.support.pagefactory.internal.LocatingElementHandler.invoke(LocatingElementHandler.java:51)
	at jdk.proxy2/jdk.proxy2.$Proxy13.click(Unknown Source)
	at PageObject.Signuppage.getcountry(Signuppage.java:78)
	at Testcases.Tc_02_Signuppage.Signup(Tc_02_Signuppage.java:28)
	at java.base/jdk.internal.reflect.NativeMethodAccessorImpl.invoke0(Native Method)
	at java.base/jdk.internal.reflect.NativeMethodAccessorImpl.invoke(NativeMethodAccessorImpl.java:77)
	at java.base/jdk.internal.reflect.DelegatingMethodAccessorImpl.invoke(DelegatingMethodAccessorImpl.java:43)
	at java.base/java.lang.reflect.Method.invoke(Method.java:568)
	at org.testng.internal.invokers.MethodInvocationHelper.invokeMethod(MethodInvocationHelper.java:139)
	at org.testng.internal.invokers.TestInvoker.invokeMethod(TestInvoker.java:664)
	at org.testng.internal.invokers.TestInvoker.invokeTestMethod(TestInvoker.java:227)
	at org.testng.internal.invokers.MethodRunner.runInSequence(MethodRunner.java:50)
	at org.testng.internal.invokers.TestInvoker$MethodInvocationAgent.invoke(TestInvoker.java:957)
	at org.testng.internal.invokers.TestInvoker.invokeTestMethods(TestInvoker.java:200)
	at org.testng.internal.invokers.TestMethodWorker.invokeTestMethods(TestMethodWorker.java:148)
	at org.testng.internal.invokers.TestMethodWorker.run(TestMethodWorker.java:128)
	at java.base/java.util.ArrayList.forEach(ArrayList.java:1511)
	at org.testng.TestRunner.privateRun(TestRunner.java:848)
	at org.testng.TestRunner.run(TestRunner.java:621)
	at org.testng.SuiteRunner.runTest(SuiteRunner.java:443)
	at org.testng.SuiteRunner.runSequentially(SuiteRunner.java:437)
	at org.testng.SuiteRunner.privateRun(SuiteRunner.java:397)
	at org.testng.SuiteRunner.run(SuiteRunner.java:336)
	at org.testng.SuiteRunnerWorker.runSuite(SuiteRunnerWorker.java:52)
	at org.testng.SuiteRunnerWorker.run(SuiteRunnerWorker.java:95)
	at org.testng.TestNG.runSuitesSequentially(TestNG.java:1280)
	at org.testng.TestNG.runSuitesLocally(TestNG.java:1200)
	at org.testng.TestNG.runSuites(TestNG.java:1114)
	at org.testng.TestNG.run(TestNG.java:1082)
	at org.apache.maven.surefire.testng.TestNGExecutor.run(TestNGExecutor.java:284)
	at org.apache.maven.surefire.testng.TestNGXmlTestSuite.execute(TestNGXmlTestSuite.java:75)
	at org.apache.maven.surefire.testng.TestNGProvider.invoke(TestNGProvider.java:119)
	at org.apache.maven.surefire.booter.ForkedBooter.runSuitesInProcess(ForkedBooter.java:428)
	at org.apache.maven.surefire.booter.ForkedBooter.execute(ForkedBooter.java:162)
	at org.apache.maven.surefire.booter.ForkedBooter.run(ForkedBooter.java:562)
	at org.apache.maven.surefire.booter.ForkedBooter.main(ForkedBooter.java:548)
</pre></div></td>
<td>7</td>
<td>Testcases.Tc_02_Signuppage@305ffe9e</td></tr>
</table><p>
<table width='100%' border='1' class='invocation-passed'>
<tr><td colspan='4' align='center'><b>PASSED TESTS</b></td></tr>
<tr><td><b>Test method</b></td>
<td><b>Attribute(s)</b></td>
<td width="30%"><b>Exception</b></td>
<td width="10%"><b>Time (seconds)</b></td>
<td><b>Instance</b></td>
</tr>
<tr>
<td title='Testcases.Tc_09_Verify_menuitems.checkinmenu_verify()'><b>checkinmenu_verify</b><br>Test class: Testcases.Tc_09_Verify_menuitems</td>
<td></td>
<td>0</td>
<td>Testcases.Tc_09_Verify_menuitems@1972e513</td></tr>
<tr>
<td title='Testcases.Tc_04_Loginpage_email.Login_using_email()'><b>Login_using_email</b><br>Test class: Testcases.Tc_04_Loginpage_email</td>
<td></td>
<td>5</td>
<td>Testcases.Tc_04_Loginpage_email@302c971f</td></tr>
<tr>
<td title='Testcases.Tc_01_Navigate_to_Homepage.Homepgae_verify()'><b>Homepgae_verify</b><br>Test class: Testcases.Tc_01_Navigate_to_Homepage</td>
<td></td>
<td>0</td>
<td>Testcases.Tc_01_Navigate_to_Homepage@1040be71</td></tr>
<tr>
<td title='Testcases.Tc_03_Loginpage_Mobno.Login_using_mobile()'><b>Login_using_mobile</b><br>Test class: Testcases.Tc_03_Loginpage_Mobno<br>Parameters: `, Test@1234</td>
<td></td>
<td>5</td>
<td>Testcases.Tc_03_Loginpage_Mobno@609e8838</td></tr>
<tr>
<td title='Testcases.Tc_05_Search_Flightpage.round_trip()'><b>round_trip</b><br>Test class: Testcases.Tc_05_Search_Flightpage</td>
<td></td>
<td>12</td>
<td>Testcases.Tc_05_Search_Flightpage@61c4eee0</td></tr>
<tr>
<td title='Testcases.Tc_09_Verify_menuitems.ManageBookingmenu_verify()'><b>ManageBookingmenu_verify</b><br>Test class: Testcases.Tc_09_Verify_menuitems</td>
<td></td>
<td>0</td>
<td>Testcases.Tc_09_Verify_menuitems@1972e513</td></tr>
<tr>
<td title='Testcases.Tc_03_Loginpage_Mobno.Login_using_mobile()'><b>Login_using_mobile</b><br>Test class: Testcases.Tc_03_Loginpage_Mobno<br>Parameters: 8.07223183E9, Test@1234</td>
<td></td>
<td>5</td>
<td>Testcases.Tc_03_Loginpage_Mobno@609e8838</td></tr>
<tr>
<td title='Testcases.Tc_03_Loginpage_Mobno.Login_using_mobile()'><b>Login_using_mobile</b><br>Test class: Testcases.Tc_03_Loginpage_Mobno<br>Parameters: 8.07223183E9, `</td>
<td></td>
<td>5</td>
<td>Testcases.Tc_03_Loginpage_Mobno@609e8838</td></tr>
<tr>
<td title='Testcases.Tc_09_Verify_menuitems.Flightstatusmenu_verify()'><b>Flightstatusmenu_verify</b><br>Test class: Testcases.Tc_09_Verify_menuitems</td>
<td></td>
<td>0</td>
<td>Testcases.Tc_09_Verify_menuitems@1972e513</td></tr>
<tr>
<td title='Testcases.Tc_07_Bookingformpage.Bookingpage()'><b>Bookingpage</b><br>Test class: Testcases.Tc_07_Bookingformpage</td>
<td></td>
<td>24</td>
<td>Testcases.Tc_07_Bookingformpage@7ae0a9ec</td></tr>
<tr>
<td title='Testcases.Tc_08_Paymentpage.Paymentpage()'><b>Paymentpage</b><br>Test class: Testcases.Tc_08_Paymentpage</td>
<td></td>
<td>22</td>
<td>Testcases.Tc_08_Paymentpage@35841320</td></tr>
<tr>
<td title='Testcases.Tc_06_Select_Flightpage.SelectFlight()'><b>SelectFlight</b><br>Test class: Testcases.Tc_06_Select_Flightpage</td>
<td></td>
<td>16</td>
<td>Testcases.Tc_06_Select_Flightpage@6f10d5b6</td></tr>
<tr>
<td title='Testcases.Tc_05_Search_Flightpage.oneway_trip()'><b>oneway_trip</b><br>Test class: Testcases.Tc_05_Search_Flightpage</td>
<td></td>
<td>2</td>
<td>Testcases.Tc_05_Search_Flightpage@61c4eee0</td></tr>
<tr>
<td title='Testcases.Tc_03_Loginpage_Mobno.Login_using_mobile()'><b>Login_using_mobile</b><br>Test class: Testcases.Tc_03_Loginpage_Mobno<br>Parameters: 8.07223183E8, Test@12</td>
<td></td>
<td>5</td>
<td>Testcases.Tc_03_Loginpage_Mobno@609e8838</td></tr>
</table><p>
</body>
</html>