<?xml version="1.0" encoding="UTF-8"?>
<!-- Generated by org.testng.reporters.JUnitXMLReporter -->
<testsuite ignored="0" hostname="Karthik" failures="1" tests="15" name="Test" time="221.527" errors="0" timestamp="2024-01-23T15:39:47 IST">
  <testcase classname="Testcases.Tc_03_Loginpage_Mobno" name="Login_using_mobile" time="5.654"/>
  <testcase classname="Testcases.Tc_03_Loginpage_Mobno" name="Login_using_mobile" time="5.7"/>
  <testcase classname="Testcases.Tc_03_Loginpage_Mobno" name="Login_using_mobile" time="5.675"/>
  <testcase classname="Testcases.Tc_03_Loginpage_Mobno" name="Login_using_mobile" time="5.69"/>
  <testcase classname="Testcases.Tc_02_Signuppage" name="Signup" time="7.491">
    <failure type="org.openqa.selenium.ElementClickInterceptedException" message="element click intercepted: Element &amp;lt;select id=&amp;quot;&amp;quot; class=&amp;quot;form-control form-select&amp;quot; name=&amp;quot;&amp;quot; tabindex=&amp;quot;0&amp;quot;&amp;gt;...&amp;lt;/select&amp;gt; is not clickable at point (255, 625). Other element would receive the click: &amp;lt;div role=&amp;quot;dialog&amp;quot; aria-modal=&amp;quot;true&amp;quot; class=&amp;quot;fade modal show&amp;quot; tabindex=&amp;quot;-1&amp;quot; style=&amp;quot;display: block;&amp;quot;&amp;gt;...&amp;lt;/div&amp;gt;
  (Session info: chrome=120.0.6099.225)
Build info: version: &amp;apos;4.16.1&amp;apos;, revision: &amp;apos;9b4c83354e&amp;apos;
System info: os.name: &amp;apos;Windows 11&amp;apos;, os.arch: &amp;apos;amd64&amp;apos;, os.version: &amp;apos;10.0&amp;apos;, java.version: &amp;apos;17.0.9&amp;apos;
Driver info: org.openqa.selenium.chrome.ChromeDriver
Command: [da344072a8061d784ca95724e4af912a, clickElement {id=652DDE4119618A9B605299CD344A484A_element_4}]
Capabilities {acceptInsecureCerts: false, browserName: chrome, browserVersion: 120.0.6099.225, chrome: {chromedriverVersion: 120.0.6099.109 (3419140ab66..., userDataDir: C:\Users\karth\AppData\Loca...}, fedcm:accounts: true, goog:chromeOptions: {debuggerAddress: localhost:65101}, networkConnectionEnabled: false, pageLoadStrategy: normal, platformName: windows, proxy: Proxy(), se:cdp: ws://localhost:65101/devtoo..., se:cdpVersion: 120.0.6099.225, setWindowRect: true, strictFileInteractability: false, timeouts: {implicit: 0, pageLoad: 300000, script: 30000}, unhandledPromptBehavior: dismiss and notify, webauthn:extension:credBlob: true, webauthn:extension:largeBlob: true, webauthn:extension:minPinLength: true, webauthn:extension:prf: true, webauthn:virtualAuthenticators: true}
Element: [[ChromeDriver: chrome on windows (da344072a8061d784ca95724e4af912a)] -&amp;gt; xpath: //select[@class=&amp;apos;form-control form-select&amp;apos;]]
Session ID: da344072a8061d784ca95724e4af912a">
      <![CDATA[org.openqa.selenium.ElementClickInterceptedException: element click intercepted: Element <select id="" class="form-control form-select" name="" tabindex="0">...</select> is not clickable at point (255, 625). Other element would receive the click: <div role="dialog" aria-modal="true" class="fade modal show" tabindex="-1" style="display: block;">...</div>
  (Session info: chrome=120.0.6099.225)
Build info: version: '4.16.1', revision: '9b4c83354e'
System info: os.name: 'Windows 11', os.arch: 'amd64', os.version: '10.0', java.version: '17.0.9'
Driver info: org.openqa.selenium.chrome.ChromeDriver
Command: [da344072a8061d784ca95724e4af912a, clickElement {id=652DDE4119618A9B605299CD344A484A_element_4}]
Capabilities {acceptInsecureCerts: false, browserName: chrome, browserVersion: 120.0.6099.225, chrome: {chromedriverVersion: 120.0.6099.109 (3419140ab66..., userDataDir: C:\Users\karth\AppData\Loca...}, fedcm:accounts: true, goog:chromeOptions: {debuggerAddress: localhost:65101}, networkConnectionEnabled: false, pageLoadStrategy: normal, platformName: windows, proxy: Proxy(), se:cdp: ws://localhost:65101/devtoo..., se:cdpVersion: 120.0.6099.225, setWindowRect: true, strictFileInteractability: false, timeouts: {implicit: 0, pageLoad: 300000, script: 30000}, unhandledPromptBehavior: dismiss and notify, webauthn:extension:credBlob: true, webauthn:extension:largeBlob: true, webauthn:extension:minPinLength: true, webauthn:extension:prf: true, webauthn:virtualAuthenticators: true}
Element: [[ChromeDriver: chrome on windows (da344072a8061d784ca95724e4af912a)] -> xpath: //select[@class='form-control form-select']]
Session ID: da344072a8061d784ca95724e4af912a
at org.openqa.selenium.remote.codec.w3c.W3CHttpResponseCodec.createException(W3CHttpResponseCodec.java:200)
at org.openqa.selenium.remote.codec.w3c.W3CHttpResponseCodec.decode(W3CHttpResponseCodec.java:133)
at org.openqa.selenium.remote.codec.w3c.W3CHttpResponseCodec.decode(W3CHttpResponseCodec.java:52)
at org.openqa.selenium.remote.HttpCommandExecutor.execute(HttpCommandExecutor.java:191)
at org.openqa.selenium.remote.service.DriverCommandExecutor.invokeExecute(DriverCommandExecutor.java:200)
at org.openqa.selenium.remote.service.DriverCommandExecutor.execute(DriverCommandExecutor.java:175)
at org.openqa.selenium.remote.RemoteWebDriver.execute(RemoteWebDriver.java:523)
at org.openqa.selenium.remote.RemoteWebElement.execute(RemoteWebElement.java:224)
at org.openqa.selenium.remote.RemoteWebElement.click(RemoteWebElement.java:77)
at org.openqa.selenium.support.pagefactory.internal.LocatingElementHandler.invoke(LocatingElementHandler.java:51)
at jdk.proxy2/jdk.proxy2.$Proxy13.click(Unknown Source)
at PageObject.Signuppage.getcountry(Signuppage.java:78)
at Testcases.Tc_02_Signuppage.Signup(Tc_02_Signuppage.java:28)
at java.base/java.util.ArrayList.forEach(ArrayList.java:1511)
... Removed 40 stack frames]]>
    </failure>
  </testcase> <!-- Signup -->
  <testcase classname="Testcases.Tc_04_Loginpage_email" name="Login_using_email" time="5.896"/>
  <testcase classname="Testcases.Tc_09_Verify_menuitems" name="Flightstatusmenu_verify" time="0.043"/>
  <testcase classname="Testcases.Tc_09_Verify_menuitems" name="ManageBookingmenu_verify" time="0.035"/>
  <testcase classname="Testcases.Tc_09_Verify_menuitems" name="checkinmenu_verify" time="0.04"/>
  <testcase classname="Testcases.Tc_07_Bookingformpage" name="Bookingpage" time="24.429"/>
  <testcase classname="Testcases.Tc_08_Paymentpage" name="Paymentpage" time="22.307"/>
  <testcase classname="Testcases.Tc_05_Search_Flightpage" name="oneway_trip" time="2.387"/>
  <testcase classname="Testcases.Tc_05_Search_Flightpage" name="round_trip" time="12.166"/>
  <testcase classname="Testcases.Tc_06_Select_Flightpage" name="SelectFlight" time="16.214"/>
  <testcase classname="Testcases.Tc_01_Navigate_to_Homepage" name="Homepgae_verify" time="0.013"/>
</testsuite> <!-- Test -->
